<?xml version="1.0" encoding="UTF-8"?>
<!-- Generated by org.testng.reporters.JUnitReportReporter -->
<testsuite skipped="0" hostname="DESKTOP-M8QVE9N" name="org.example.runners.TestRunner" tests="16" failures="3" timestamp="2022-06-15T02:14:59 EET" time="236.742" errors="0">
  <testcase name="runScenario" time="14.408" classname="org.example.runners.TestRunner"/>
  <system-out/>
  <testcase name="runScenario" time="14.278" classname="org.example.runners.TestRunner"/>
  <system-out/>
  <testcase name="runScenario" time="18.704" classname="org.example.runners.TestRunner"/>
  <system-out/>
  <testcase name="runScenario" time="14.899" classname="org.example.runners.TestRunner">
    <failure type="java.lang.AssertionError" message="The following asserts failed:
	expected [https://demo.nopcommerce.com/new-online-store-is-open] but found [https://demo.nopcommerce.com/news/rss/1]">
      <![CDATA[java.lang.AssertionError: The following asserts failed:
expected [https://demo.nopcommerce.com/new-online-store-is-open] but found [https://demo.nopcommerce.com/news/rss/1]
at org.testng.asserts.SoftAssert.assertAll(SoftAssert.java:46)
at org.testng.asserts.SoftAssert.assertAll(SoftAssert.java:30)
at org.example.stepDefinitions.D07_followUsStepDef.rss_Open(D07_followUsStepDef.java:75)
at ✽.User could open rss page(file:///C:/Users/Ahmed/IdeaProjects/E-commerce-App-Automation-Testing-Project/src/main/resources/features/F07_followUs.feature:17)
]]>
    </failure>
  </testcase> <!-- runScenario -->
  <system-out/>
  <testcase name="runScenario" time="12.512" classname="org.example.runners.TestRunner"/>
  <system-out/>
  <testcase name="runScenario" time="12.061" classname="org.example.runners.TestRunner"/>
  <system-out/>
  <testcase name="runScenario" time="14.755" classname="org.example.runners.TestRunner"/>
  <system-out/>
  <testcase name="runScenario" time="13.723" classname="org.example.runners.TestRunner"/>
  <system-out/>
  <testcase name="runScenario" time="13.253" classname="org.example.runners.TestRunner"/>
  <system-out/>
  <testcase name="runScenario" time="20.959" classname="org.example.runners.TestRunner"/>
  <system-out/>
  <testcase name="runScenario" time="13.269" classname="org.example.runners.TestRunner">
    <failure type="java.lang.AssertionError" message="The following asserts failed:
	expected [https://demo.nopcommerce.com/nokia-lumia-1020] but found [http://demo.nopcommerce.com/]">
      <![CDATA[java.lang.AssertionError: The following asserts failed:
expected [https://demo.nopcommerce.com/nokia-lumia-1020] but found [http://demo.nopcommerce.com/]
at org.testng.asserts.SoftAssert.assertAll(SoftAssert.java:46)
at org.testng.asserts.SoftAssert.assertAll(SoftAssert.java:30)
at org.example.stepDefinitions.D06_homeSlidersStepDef.slider_Nokia(D06_homeSlidersStepDef.java:32)
at ✽.User could click on the banner and redirect to the Nokia link(file:///C:/Users/Ahmed/IdeaProjects/E-commerce-App-Automation-Testing-Project/src/main/resources/features/F06_homeSliders.feature:11)
]]>
    </failure>
  </testcase> <!-- runScenario -->
  <system-out/>
  <testcase name="runScenario" time="12.499" classname="org.example.runners.TestRunner"/>
  <system-out/>
  <testcase name="runScenario" time="14.747" classname="org.example.runners.TestRunner"/>
  <system-out/>
  <testcase name="runScenario" time="16.378" classname="org.example.runners.TestRunner"/>
  <system-out/>
  <testcase name="runScenario" time="11.990" classname="org.example.runners.TestRunner">
    <failure type="java.lang.AssertionError" message="The following asserts failed:
	expected [https://demo.nopcommerce.com/iphone-6] but found [http://demo.nopcommerce.com/]">
      <![CDATA[java.lang.AssertionError: The following asserts failed:
expected [https://demo.nopcommerce.com/iphone-6] but found [http://demo.nopcommerce.com/]
at org.testng.asserts.SoftAssert.assertAll(SoftAssert.java:46)
at org.testng.asserts.SoftAssert.assertAll(SoftAssert.java:30)
at org.example.stepDefinitions.D06_homeSlidersStepDef.slider_IPhone(D06_homeSlidersStepDef.java:54)
at ✽.User could click on the banner and redirect to the IPhone link(file:///C:/Users/Ahmed/IdeaProjects/E-commerce-App-Automation-Testing-Project/src/main/resources/features/F06_homeSliders.feature:18)
]]>
    </failure>
  </testcase> <!-- runScenario -->
  <system-out/>
  <testcase name="runScenario" time="18.307" classname="org.example.runners.TestRunner"/>
  <system-out/>
</testsuite> <!-- org.example.runners.TestRunner -->
